\BOOKMARK [0][-]{chapter.1}{Overview}{}% 1
\BOOKMARK [0][-]{chapter.2}{Code structure}{}% 2
\BOOKMARK [1][-]{section.2.1}{Spatial operators}{chapter.2}% 3
\BOOKMARK [1][-]{section.2.2}{Time stepping}{chapter.2}% 4
\BOOKMARK [0][-]{chapter.3}{Installation}{}% 5
\BOOKMARK [1][-]{section.3.1}{Dependencies}{chapter.3}% 6
\BOOKMARK [1][-]{section.3.2}{Building}{chapter.3}% 7
\BOOKMARK [0][-]{chapter.4}{Grid generation}{}% 8
\BOOKMARK [1][-]{section.4.1}{Fundamental grid quantities}{chapter.4}% 9
\BOOKMARK [2][-]{subsection.4.1.1}{Creating a spherical geodesic grid}{section.4.1}% 10
\BOOKMARK [2][-]{subsection.4.1.2}{Numbering and orienting the vector points}{section.4.1}% 11
\BOOKMARK [2][-]{subsection.4.1.3}{Numbering and orienting the dual vector points}{section.4.1}% 12
\BOOKMARK [1][-]{section.4.2}{Derived quantities}{chapter.4}% 13
\BOOKMARK [2][-]{subsection.4.2.1}{Horizontal coordinates of dual scalar points}{section.4.2}% 14
\BOOKMARK [2][-]{subsection.4.2.2}{Finding the neighboring vector points of a primal cell and their orientation}{section.4.2}% 15
\BOOKMARK [2][-]{subsection.4.2.3}{Finding the neighboring vector points of a dual cell and their orientation}{section.4.2}% 16
\BOOKMARK [1][-]{section.4.3}{Grid optimization}{chapter.4}% 17
\BOOKMARK [1][-]{section.4.4}{Vertical grid structure}{chapter.4}% 18
\BOOKMARK [1][-]{section.4.5}{Scalability}{chapter.4}% 19
\BOOKMARK [2][-]{subsection.4.5.1}{Permutations of the grid points}{section.4.5}% 20
\BOOKMARK [1][-]{section.4.6}{Horizontal grid properties}{chapter.4}% 21
\BOOKMARK [1][-]{section.4.7}{Vertical grid properties}{chapter.4}% 22
\BOOKMARK [1][-]{section.4.8}{How to generate a grid}{chapter.4}% 23
\BOOKMARK [1][-]{section.4.9}{Physical surface properties}{chapter.4}% 24
\BOOKMARK [0][-]{chapter.5}{Ideal test states}{}% 25
\BOOKMARK [0][-]{chapter.6}{Running the model}{}% 26
\BOOKMARK [1][-]{section.6.1}{Dynamics configuration}{chapter.6}% 27
\BOOKMARK [1][-]{section.6.2}{Physics configuration}{chapter.6}% 28
\BOOKMARK [2][-]{subsection.6.2.1}{Local thermodynamic equilibrium option}{section.6.2}% 29
\BOOKMARK [1][-]{section.6.3}{Coupling to the radiation field}{chapter.6}% 30
\BOOKMARK [1][-]{section.6.4}{Configuring output}{chapter.6}% 31
\BOOKMARK [2][-]{subsection.6.4.1}{Output on pressure levels}{section.6.4}% 32
